<?xml version="1.0" encoding="UTF-8"?>
<!-- Generated by org.testng.reporters.JUnitReportReporter -->
<testsuite hostname="Confiz-6340" failures="0" tests="1" name="tests.SanityTests" time="34.593" errors="0" timestamp="2022-12-14T15:05:04 PKT" skipped="0">
  <testcase classname="tests.SanityTests" name="customerAccountLogin" time="34.593"/>
  <system-out/>
</testsuite> <!-- tests.SanityTests -->
