<?xml version="1.0" encoding="UTF-8"?>
<!-- Generated by org.testng.reporters.JUnitReportReporter -->
<testsuite hostname="Confiz-6340" failures="0" tests="2" name="FirstTestSuite" time="48.222" errors="0" timestamp="2022-10-13T13:02:09 PKT" skipped="0">
  <testcase classname="FirstTestSuite" name="viewNewsletter" time="8.387"/>
  <system-out/>
  <testcase classname="FirstTestSuite" name="technicianAccountLogin" time="39.835"/>
  <system-out/>
</testsuite> <!-- FirstTestSuite -->
